<?xml version="1.0" encoding="UTF-8"?>
<!-- Generated by org.testng.reporters.JUnitReportReporter -->
<testsuite skipped="0" hostname="XIPL0606" name="googleAPITestsJson.FinalGoogleSearchAPIScript" tests="3" failures="0" timestamp="19 Apr 2018 13:50:32 GMT" time="3.236" errors="0">
  <testcase name="postGooglePlaceDetails" time="0.465" classname="googleAPITestsJson.FinalGoogleSearchAPIScript"/>
  <testcase name="postAndDeleteGooglePlaceDetails" time="0.820" classname="googleAPITestsJson.FinalGoogleSearchAPIScript"/>
  <testcase name="getGooglePlaceDetails" time="1.951" classname="googleAPITestsJson.FinalGoogleSearchAPIScript"/>
</testsuite> <!-- googleAPITestsJson.FinalGoogleSearchAPIScript -->
