<?xml version="1.0" encoding="UTF-8"?>
<!-- Generated by org.testng.reporters.JUnitReportReporter -->
<testsuite skipped="0" hostname="XIPL0606" name="googleAPITestsXml.FinalGoogleSearchAPIScriptXml" tests="3" failures="0" timestamp="19 Apr 2018 13:51:25 GMT" time="3.279" errors="0">
  <testcase name="postGooglePlaceDetails" time="0.389" classname="googleAPITestsXml.FinalGoogleSearchAPIScriptXml"/>
  <testcase name="postAndDeleteGooglePlaceDetails" time="0.810" classname="googleAPITestsXml.FinalGoogleSearchAPIScriptXml"/>
  <testcase name="getGooglePlaceDetails" time="2.080" classname="googleAPITestsXml.FinalGoogleSearchAPIScriptXml"/>
</testsuite> <!-- googleAPITestsXml.FinalGoogleSearchAPIScriptXml -->
