<?xml version="1.0" encoding="UTF-8"?>
<!-- Generated by org.testng.reporters.JUnitReportReporter -->
<testsuite hostname="XIPL0606" name="googleAPITestsJson.FinalGoogleSearchAPIScript" tests="3" failures="0" timestamp="19 Apr 2018 13:54:39 GMT" time="3.267" errors="0">
  <testcase name="postGooglePlaceDetails" time="0.406" classname="googleAPITestsJson.FinalGoogleSearchAPIScript"/>
  <testcase name="postAndDeleteGooglePlaceDetails" time="0.874" classname="googleAPITestsJson.FinalGoogleSearchAPIScript"/>
  <testcase name="getGooglePlaceDetails" time="1.987" classname="googleAPITestsJson.FinalGoogleSearchAPIScript"/>
</testsuite> <!-- googleAPITestsJson.FinalGoogleSearchAPIScript -->
