<?xml version="1.0" encoding="UTF-8"?>
<!-- Generated by org.testng.reporters.JUnitReportReporter -->
<testsuite hostname="XIPL0606" name="googleAPITestsJson.FinalGoogleSearchAPIScript" tests="3" failures="0" timestamp="25 Apr 2018 13:45:26 GMT" time="3.806" errors="0">
  <testcase name="postAndDeleteGooglePlaceDetails" time="0.786" classname="googleAPITestsJson.FinalGoogleSearchAPIScript"/>
  <testcase name="getGooglePlaceDetails" time="2.370" classname="googleAPITestsJson.FinalGoogleSearchAPIScript"/>
  <testcase name="postGooglePlaceDetails" time="0.650" classname="googleAPITestsJson.FinalGoogleSearchAPIScript"/>
</testsuite> <!-- googleAPITestsJson.FinalGoogleSearchAPIScript -->
